{
  "RSpec": {
    "coverage": {
      "/Users/jpkeane/Documents/Development/Tutorials/API Login/login-be/config/environment.rb": [
        null,
        1,
        null,
        null,
        1
      ],
      "/Users/jpkeane/Documents/Development/Tutorials/API Login/login-be/config/application.rb": [
        1,
        null,
        1,
        null,
        1,
        1,
        1,
        1,
        1,
        1,
        1,
        null,
        null,
        null,
        null,
        null,
        1,
        null,
        1,
        1,
        null,
        null,
        null,
        null,
        null,
        null,
        null,
        1,
        null,
        null
      ],
      "/Users/jpkeane/Documents/Development/Tutorials/API Login/login-be/config/boot.rb": [
        1,
        null,
        1
      ],
      "/Users/jpkeane/Documents/Development/Tutorials/API Login/login-be/config/environments/test.rb": [
        1,
        null,
        null,
        null,
        null,
        null,
        null,
        1,
        null,
        null,
        null,
        null,
        1,
        null,
        null,
        1,
        1,
        null,
        null,
        null,
        null,
        1,
        1,
        null,
        null,
        1,
        null,
        null,
        1,
        1,
        null,
        null,
        null,
        null,
        1,
        null,
        null,
        1,
        null,
        null,
        null,
        null
      ],
      "/Users/jpkeane/Documents/Development/Tutorials/API Login/login-be/config/initializers/application_controller_renderer.rb": [
        null,
        null,
        null,
        null,
        null,
        null
      ],
      "/Users/jpkeane/Documents/Development/Tutorials/API Login/login-be/config/initializers/backtrace_silencers.rb": [
        null,
        null,
        null,
        null,
        null,
        null,
        null
      ],
      "/Users/jpkeane/Documents/Development/Tutorials/API Login/login-be/config/initializers/cors.rb": [
        null,
        null,
        null,
        null,
        null,
        null,
        null,
        null,
        null,
        null,
        null,
        null,
        null,
        null,
        null,
        null
      ],
      "/Users/jpkeane/Documents/Development/Tutorials/API Login/login-be/config/initializers/filter_parameter_logging.rb": [
        null,
        null,
        null,
        1
      ],
      "/Users/jpkeane/Documents/Development/Tutorials/API Login/login-be/config/initializers/inflections.rb": [
        null,
        null,
        null,
        null,
        null,
        null,
        null,
        null,
        null,
        null,
        null,
        null,
        null,
        null,
        null,
        null
      ],
      "/Users/jpkeane/Documents/Development/Tutorials/API Login/login-be/config/initializers/mime_types.rb": [
        null,
        null,
        null,
        null
      ],
      "/Users/jpkeane/Documents/Development/Tutorials/API Login/login-be/config/initializers/new_framework_defaults.rb": [
        null,
        null,
        null,
        null,
        null,
        null,
        null,
        null,
        1,
        null,
        null,
        1,
        null,
        null,
        1,
        null,
        null,
        1
      ],
      "/Users/jpkeane/Documents/Development/Tutorials/API Login/login-be/config/initializers/wrap_parameters.rb": [
        null,
        null,
        null,
        null,
        null,
        null,
        1,
        1,
        null,
        null,
        null,
        null,
        null,
        null
      ],
      "/Users/jpkeane/Documents/Development/Tutorials/API Login/login-be/config/routes.rb": [
        1,
        1,
        1,
        1,
        null,
        null,
        null
      ]
    },
    "timestamp": 1481845726
  }
}
